#
# A fatal error has been detected by the Java Runtime Environment:
#
#  EXCEPTION_ACCESS_VIOLATION (0xc0000005) at pc=0x00007fff57c1d990, pid=7432, tid=12272
#
# JRE version: Java(TM) SE Runtime Environment 18.9 (11.0.12+8) (build 11.0.12+8-LTS-237)
# Java VM: Java HotSpot(TM) 64-Bit Server VM 18.9 (11.0.12+8-LTS-237, mixed mode, tiered, compressed oops, g1 gc, windows-amd64)
# Problematic frame:
# C  [ntdll.dll+0x2d990]
#
# No core dump will be written. Minidumps are not enabled by default on client versions of Windows
#
# If you would like to submit a bug report, please visit:
#   https://bugreport.java.com/bugreport/crash.jsp
# The crash happened outside the Java Virtual Machine in native code.
# See problematic frame for where to report the bug.
#

---------------  S U M M A R Y ------------

Command Line: -Dfile.encoding=windows-1252 -Duser.country=US -Duser.language=en -Duser.variant com.badlogic.greedydwarf.desktop.DesktopLauncher

Host: Intel(R) Core(TM) i7-7500U CPU @ 2.70GHz, 4 cores, 15G,  Windows 10 , 64 bit Build 19041 (10.0.19041.1566)
Time: Fri Apr  8 13:40:37 2022 Central Daylight Time elapsed time: 9.147128 seconds (0d 0h 0m 9s)

---------------  T H R E A D  ---------------

Current thread (0x000001f92a35a800):  JavaThread "LWJGL Application" [_thread_in_native, id=12272, stack(0x0000002a94e00000,0x0000002a94f00000)]

Stack: [0x0000002a94e00000,0x0000002a94f00000],  sp=0x0000002a94efe120,  free space=1016k
Native frames: (J=compiled Java code, j=interpreted, Vv=VM code, C=native code)
C  [ntdll.dll+0x2d990]
C  [ntdll.dll+0x2b44d]
C  [msvcrt.dll+0x19d40]
C  [gdx64.dll+0xe410]

Java frames: (J=compiled Java code, j=interpreted, Vv=VM code)
J 1220  com.badlogic.gdx.graphics.g2d.Gdx2DPixmap.load([J[BII)Ljava/nio/ByteBuffer; (0 bytes) @ 0x000001f9157c90c0 [0x000001f9157c9040+0x0000000000000080]
J 1215 c1 com.badlogic.gdx.graphics.g2d.Gdx2DPixmap.<init>([BIII)V (125 bytes) @ 0x000001f90e4960d4 [0x000001f90e495f40+0x0000000000000194]
J 1253 c1 com.badlogic.gdx.graphics.Pixmap.<init>(Lcom/badlogic/gdx/files/FileHandle;)V (77 bytes) @ 0x000001f90e4b044c [0x000001f90e4b01e0+0x000000000000026c]
j  com.badlogic.gdx.graphics.TextureData$Factory.loadFromFile(Lcom/badlogic/gdx/files/FileHandle;Lcom/badlogic/gdx/graphics/Pixmap$Format;Z)Lcom/badlogic/gdx/graphics/TextureData;+99
J 1280 c1 com.badlogic.greedydwarf.Screens.Play.renderTreasure()V (579 bytes) @ 0x000001f90e4baa94 [0x000001f90e4b79e0+0x00000000000030b4]
J 1369 c1 com.badlogic.greedydwarf.Screens.Play.render(F)V (190 bytes) @ 0x000001f90e4eec44 [0x000001f90e4ecfa0+0x0000000000001ca4]
j  com.badlogic.gdx.Game.render()V+19
j  com.badlogic.greedydwarf.GreedyDwarf.render()V+1
j  com.badlogic.gdx.backends.lwjgl.LwjglApplication.mainLoop()V+776
j  com.badlogic.gdx.backends.lwjgl.LwjglApplication$1.run()V+27
v  ~StubRoutines::call_stub

siginfo: EXCEPTION_ACCESS_VIOLATION (0xc0000005), reading address 0xffffffffffffffff


Register to memory mapping:

RIP=0x00007fff57c1d990 ntdll.dll
RAX=0x00000000006e0016 is an unknown value
RBX=0x000001f904110000 points into unknown readable memory: 0x0000000000000000 | 00 00 00 00 00 00 00 00
RCX=0x0000000000001678 is an unknown value
RDX=0x0000000000000016 is an unknown value
RSP=0x0000002a94efe120 is pointing into the stack for thread: 0x000001f92a35a800
RBP=0x0000002a94efe419 is pointing into the stack for thread: 0x000001f92a35a800
RSI=0x000001f92a6f2df0 points into unknown readable memory: 0x4439400044074000 | 00 40 07 44 00 40 39 44
RDI=0x000000006e001678 is an unknown value
R8 =0x000001f92a6f2de0 points into unknown readable memory: 0x42d25960622c7b1e | 1e 7b 2c 62 60 59 d2 42
R9 =0x0000000000004890 is an unknown value
R10=0x4439400044074000 is an unknown value
R11=0x3f320000feffffff is an unknown value
R12=0x000001f904110150 points into unknown readable memory: 0x000001f92a6ab340 | 40 b3 6a 2a f9 01 00 00
R13=0x0000000000000489 is an unknown value
R14=0x000001f92a6f2df0 points into unknown readable memory: 0x4439400044074000 | 00 40 07 44 00 40 39 44
R15=0x000001f92a6f2de0 points into unknown readable memory: 0x42d25960622c7b1e | 1e 7b 2c 62 60 59 d2 42


Registers:
RAX=0x00000000006e0016, RBX=0x000001f904110000, RCX=0x0000000000001678, RDX=0x0000000000000016
RSP=0x0000002a94efe120, RBP=0x0000002a94efe419, RSI=0x000001f92a6f2df0, RDI=0x000000006e001678
R8 =0x000001f92a6f2de0, R9 =0x0000000000004890, R10=0x4439400044074000, R11=0x3f320000feffffff
R12=0x000001f904110150, R13=0x0000000000000489, R14=0x000001f92a6f2df0, R15=0x000001f92a6f2de0
RIP=0x00007fff57c1d990, EFLAGS=0x0000000000010212

Top of Stack: (sp=0x0000002a94efe120)
0x0000002a94efe120:   0000002a94efe530 00007fff57c4d36a
0x0000002a94efe130:   00630061020800be 000001f903e95460
0x0000002a94efe140:   000001f903e95430 0000000000000000
0x0000002a94efe150:   0063006102080001 0000000000000489
0x0000002a94efe160:   000001f900000104 0000000000000000
0x0000002a94efe170:   0000000000000000 0000000000000001
0x0000002a94efe180:   0000000000000104 0000defa37d60fd3
0x0000002a94efe190:   00007fff57d0c238 0000002a94efe530
0x0000002a94efe1a0:   00007fff00000001 0000002a94efe540
0x0000002a94efe1b0:   3f320000feffffff 0000002a94efe530
0x0000002a94efe1c0:   000001f92a6f2de0 00007fff57c0b238
0x0000002a94efe1d0:   0000000000000000 0000000000000000
0x0000002a94efe1e0:   00000000000000d0 00007fff57c00000
0x0000002a94efe1f0:   0000002a94efe200 00000000000003ff
0x0000002a94efe200:   4439400044074000 0000002a94efe250
0x0000002a94efe210:   0000002a94ef0000 000001f904110150 

Instructions: (pc=0x00007fff57c1d990)
0x00007fff57c1d970:   49 3b cd 0f 82 4d 02 00 00 4d 8b 16 4c 89 94 24
0x00007fff57c1d980:   e0 00 00 00 4d 8b 5f 18 4c 89 9c 24 90 00 00 00
0x00007fff57c1d990:   49 8b 03 4d 8b 4a 08 49 3b c1 0f 85 03 02 00 00
0x00007fff57c1d9a0:   49 3b c6 0f 85 fa 01 00 00 48 29 8b c0 00 00 00 


Stack slot to memory mapping:
stack at sp + 0 slots: 0x0000002a94efe530 is pointing into the stack for thread: 0x000001f92a35a800
stack at sp + 1 slots: 0x00007fff57c4d36a ntdll.dll
stack at sp + 2 slots: 0x00630061020800be is an unknown value
stack at sp + 3 slots: 0x000001f903e95460 points into unknown readable memory: 0x0055005c003a0043 | 43 00 3a 00 5c 00 55 00
stack at sp + 4 slots: 0x000001f903e95430 points into unknown readable memory: 0x000001f900000001 | 01 00 00 00 f9 01 00 00
stack at sp + 5 slots: 0x0 is NULL
stack at sp + 6 slots: 0x0063006102080001 is an unknown value
stack at sp + 7 slots: 0x0000000000000489 is an unknown value


---------------  P R O C E S S  ---------------

Threads class SMR info:
_java_thread_list=0x000001f92c40d2e0, length=12, elements={
0x000001f9290dd800, 0x000001f9290de800, 0x000001f9299ad800, 0x000001f9299af800,
0x000001f9299b0800, 0x000001f9299ba000, 0x000001f9299bd000, 0x000001f9299c0800,
0x000001f929b1d000, 0x000001f92a35a800, 0x000001f903fac800, 0x000001f92c19c000
}

Java Threads: ( => current thread )
  0x000001f9290dd800 JavaThread "Reference Handler" daemon [_thread_blocked, id=3948, stack(0x0000002a94200000,0x0000002a94300000)]
  0x000001f9290de800 JavaThread "Finalizer" daemon [_thread_blocked, id=9408, stack(0x0000002a94300000,0x0000002a94400000)]
  0x000001f9299ad800 JavaThread "Signal Dispatcher" daemon [_thread_blocked, id=4124, stack(0x0000002a94400000,0x0000002a94500000)]
  0x000001f9299af800 JavaThread "Attach Listener" daemon [_thread_blocked, id=9988, stack(0x0000002a94500000,0x0000002a94600000)]
  0x000001f9299b0800 JavaThread "Service Thread" daemon [_thread_blocked, id=8088, stack(0x0000002a94600000,0x0000002a94700000)]
  0x000001f9299ba000 JavaThread "C2 CompilerThread0" daemon [_thread_blocked, id=9528, stack(0x0000002a94700000,0x0000002a94800000)]
  0x000001f9299bd000 JavaThread "C1 CompilerThread0" daemon [_thread_blocked, id=3196, stack(0x0000002a94800000,0x0000002a94900000)]
  0x000001f9299c0800 JavaThread "Sweeper thread" daemon [_thread_blocked, id=4760, stack(0x0000002a94900000,0x0000002a94a00000)]
  0x000001f929b1d000 JavaThread "Common-Cleaner" daemon [_thread_blocked, id=5888, stack(0x0000002a94b00000,0x0000002a94c00000)]
=>0x000001f92a35a800 JavaThread "LWJGL Application" [_thread_in_native, id=12272, stack(0x0000002a94e00000,0x0000002a94f00000)]
  0x000001f903fac800 JavaThread "DestroyJavaVM" [_thread_blocked, id=11364, stack(0x0000002a93b00000,0x0000002a93c00000)]
  0x000001f92c19c000 JavaThread "LWJGL Timer" daemon [_thread_blocked, id=9932, stack(0x0000002a95900000,0x0000002a95a00000)]

Other Threads:
  0x000001f9290a6000 VMThread "VM Thread" [stack: 0x0000002a94100000,0x0000002a94200000] [id=11748]
  0x000001f929b24800 WatcherThread [stack: 0x0000002a94a00000,0x0000002a94b00000] [id=11740]
  0x000001f903fc3800 GCTaskThread "GC Thread#0" [stack: 0x0000002a93c00000,0x0000002a93d00000] [id=11800]
  0x000001f92c421800 GCTaskThread "GC Thread#1" [stack: 0x0000002a95600000,0x0000002a95700000] [id=6204]
  0x000001f92c49a000 GCTaskThread "GC Thread#2" [stack: 0x0000002a95700000,0x0000002a95800000] [id=4084]
  0x000001f92c49b000 GCTaskThread "GC Thread#3" [stack: 0x0000002a95800000,0x0000002a95900000] [id=6160]
  0x000001f90401e800 ConcurrentGCThread "G1 Main Marker" [stack: 0x0000002a93d00000,0x0000002a93e00000] [id=9192]
  0x000001f904020000 ConcurrentGCThread "G1 Conc#0" [stack: 0x0000002a93e00000,0x0000002a93f00000] [id=7268]
  0x000001f928f7e000 ConcurrentGCThread "G1 Refine#0" [stack: 0x0000002a93f00000,0x0000002a94000000] [id=9820]
  0x000001f928f80000 ConcurrentGCThread "G1 Young RemSet Sampling" [stack: 0x0000002a94000000,0x0000002a94100000] [id=836]

Threads with active compile tasks:

VM state:not at safepoint (normal execution)

VM Mutex/Monitor currently owned by a thread: None

Heap address: 0x0000000701a00000, size: 4070 MB, Compressed Oops mode: Zero based, Oop shift amount: 3
Narrow klass base: 0x0000000800000000, Narrow klass shift: 0
Compressed class space size: 1073741824 Address: 0x0000000800000000

Heap:
 garbage-first heap   total 262144K, used 100356K [0x0000000701a00000, 0x0000000800000000)
  region size 1024K, 100 young (102400K), 2 survivors (2048K)
 Metaspace       used 11915K, capacity 12033K, committed 12288K, reserved 1060864K
  class space    used 965K, capacity 991K, committed 1024K, reserved 1048576K
Heap Regions: E=young(eden), S=young(survivor), O=old, HS=humongous(starts), HC=humongous(continues), CS=collection set, F=free, A=archive, TAMS=top-at-mark-start (previous, next)
|   0|0x0000000701a00000, 0x0000000701a01200, 0x0000000701b00000|  0%| O|  |TAMS 0x0000000701a00000, 0x0000000701a00000| Untracked 
|   1|0x0000000701b00000, 0x0000000701b00000, 0x0000000701c00000|  0%| F|  |TAMS 0x0000000701b00000, 0x0000000701b00000| Untracked 
|   2|0x0000000701c00000, 0x0000000701c00000, 0x0000000701d00000|  0%| F|  |TAMS 0x0000000701c00000, 0x0000000701c00000| Untracked 
|   3|0x0000000701d00000, 0x0000000701d00000, 0x0000000701e00000|  0%| F|  |TAMS 0x0000000701d00000, 0x0000000701d00000| Untracked 
|   4|0x0000000701e00000, 0x0000000701e00000, 0x0000000701f00000|  0%| F|  |TAMS 0x0000000701e00000, 0x0000000701e00000| Untracked 
|   5|0x0000000701f00000, 0x0000000701f00000, 0x0000000702000000|  0%| F|  |TAMS 0x0000000701f00000, 0x0000000701f00000| Untracked 
|   6|0x0000000702000000, 0x0000000702000000, 0x0000000702100000|  0%| F|  |TAMS 0x0000000702000000, 0x0000000702000000| Untracked 
|   7|0x0000000702100000, 0x0000000702100000, 0x0000000702200000|  0%| F|  |TAMS 0x0000000702100000, 0x0000000702100000| Untracked 
|   8|0x0000000702200000, 0x0000000702200000, 0x0000000702300000|  0%| F|  |TAMS 0x0000000702200000, 0x0000000702200000| Untracked 
|   9|0x0000000702300000, 0x0000000702300000, 0x0000000702400000|  0%| F|  |TAMS 0x0000000702300000, 0x0000000702300000| Untracked 
|  10|0x0000000702400000, 0x0000000702400000, 0x0000000702500000|  0%| F|  |TAMS 0x0000000702400000, 0x0000000702400000| Untracked 
|  11|0x0000000702500000, 0x0000000702500000, 0x0000000702600000|  0%| F|  |TAMS 0x0000000702500000, 0x0000000702500000| Untracked 
|  12|0x0000000702600000, 0x0000000702600000, 0x0000000702700000|  0%| F|  |TAMS 0x0000000702600000, 0x0000000702600000| Untracked 
|  13|0x0000000702700000, 0x0000000702700000, 0x0000000702800000|  0%| F|  |TAMS 0x0000000702700000, 0x0000000702700000| Untracked 
|  14|0x0000000702800000, 0x0000000702800000, 0x0000000702900000|  0%| F|  |TAMS 0x0000000702800000, 0x0000000702800000| Untracked 
|  15|0x0000000702900000, 0x0000000702900000, 0x0000000702a00000|  0%| F|  |TAMS 0x0000000702900000, 0x0000000702900000| Untracked 
|  16|0x0000000702a00000, 0x0000000702a00000, 0x0000000702b00000|  0%| F|  |TAMS 0x0000000702a00000, 0x0000000702a00000| Untracked 
|  17|0x0000000702b00000, 0x0000000702b00000, 0x0000000702c00000|  0%| F|  |TAMS 0x0000000702b00000, 0x0000000702b00000| Untracked 
|  18|0x0000000702c00000, 0x0000000702c00000, 0x0000000702d00000|  0%| F|  |TAMS 0x0000000702c00000, 0x0000000702c00000| Untracked 
|  19|0x0000000702d00000, 0x0000000702d00000, 0x0000000702e00000|  0%| F|  |TAMS 0x0000000702d00000, 0x0000000702d00000| Untracked 
|  20|0x0000000702e00000, 0x0000000702e00000, 0x0000000702f00000|  0%| F|  |TAMS 0x0000000702e00000, 0x0000000702e00000| Untracked 
|  21|0x0000000702f00000, 0x0000000702f00000, 0x0000000703000000|  0%| F|  |TAMS 0x0000000702f00000, 0x0000000702f00000| Untracked 
|  22|0x0000000703000000, 0x0000000703000000, 0x0000000703100000|  0%| F|  |TAMS 0x0000000703000000, 0x0000000703000000| Untracked 
|  23|0x0000000703100000, 0x0000000703100000, 0x0000000703200000|  0%| F|  |TAMS 0x0000000703100000, 0x0000000703100000| Untracked 
|  24|0x0000000703200000, 0x0000000703200000, 0x0000000703300000|  0%| F|  |TAMS 0x0000000703200000, 0x0000000703200000| Untracked 
|  25|0x0000000703300000, 0x0000000703300000, 0x0000000703400000|  0%| F|  |TAMS 0x0000000703300000, 0x0000000703300000| Untracked 
|  26|0x0000000703400000, 0x0000000703400000, 0x0000000703500000|  0%| F|  |TAMS 0x0000000703400000, 0x0000000703400000| Untracked 
|  27|0x0000000703500000, 0x0000000703500000, 0x0000000703600000|  0%| F|  |TAMS 0x0000000703500000, 0x0000000703500000| Untracked 
|  28|0x0000000703600000, 0x0000000703600000, 0x0000000703700000|  0%| F|  |TAMS 0x0000000703600000, 0x0000000703600000| Untracked 
|  29|0x0000000703700000, 0x0000000703700000, 0x0000000703800000|  0%| F|  |TAMS 0x0000000703700000, 0x0000000703700000| Untracked 
|  30|0x0000000703800000, 0x0000000703800000, 0x0000000703900000|  0%| F|  |TAMS 0x0000000703800000, 0x0000000703800000| Untracked 
|  31|0x0000000703900000, 0x0000000703900000, 0x0000000703a00000|  0%| F|  |TAMS 0x0000000703900000, 0x0000000703900000| Untracked 
|  32|0x0000000703a00000, 0x0000000703a00000, 0x0000000703b00000|  0%| F|  |TAMS 0x0000000703a00000, 0x0000000703a00000| Untracked 
|  33|0x0000000703b00000, 0x0000000703b00000, 0x0000000703c00000|  0%| F|  |TAMS 0x0000000703b00000, 0x0000000703b00000| Untracked 
|  34|0x0000000703c00000, 0x0000000703c00000, 0x0000000703d00000|  0%| F|  |TAMS 0x0000000703c00000, 0x0000000703c00000| Untracked 
|  35|0x0000000703d00000, 0x0000000703d00000, 0x0000000703e00000|  0%| F|  |TAMS 0x0000000703d00000, 0x0000000703d00000| Untracked 
|  36|0x0000000703e00000, 0x0000000703e00000, 0x0000000703f00000|  0%| F|  |TAMS 0x0000000703e00000, 0x0000000703e00000| Untracked 
|  37|0x0000000703f00000, 0x0000000703f00000, 0x0000000704000000|  0%| F|  |TAMS 0x0000000703f00000, 0x0000000703f00000| Untracked 
|  38|0x0000000704000000, 0x0000000704000000, 0x0000000704100000|  0%| F|  |TAMS 0x0000000704000000, 0x0000000704000000| Untracked 
|  39|0x0000000704100000, 0x0000000704100000, 0x0000000704200000|  0%| F|  |TAMS 0x0000000704100000, 0x0000000704100000| Untracked 
|  40|0x0000000704200000, 0x0000000704200000, 0x0000000704300000|  0%| F|  |TAMS 0x0000000704200000, 0x0000000704200000| Untracked 
|  41|0x0000000704300000, 0x0000000704300000, 0x0000000704400000|  0%| F|  |TAMS 0x0000000704300000, 0x0000000704300000| Untracked 
|  42|0x0000000704400000, 0x0000000704400000, 0x0000000704500000|  0%| F|  |TAMS 0x0000000704400000, 0x0000000704400000| Untracked 
|  43|0x0000000704500000, 0x0000000704500000, 0x0000000704600000|  0%| F|  |TAMS 0x0000000704500000, 0x0000000704500000| Untracked 
|  44|0x0000000704600000, 0x0000000704600000, 0x0000000704700000|  0%| F|  |TAMS 0x0000000704600000, 0x0000000704600000| Untracked 
|  45|0x0000000704700000, 0x0000000704700000, 0x0000000704800000|  0%| F|  |TAMS 0x0000000704700000, 0x0000000704700000| Untracked 
|  46|0x0000000704800000, 0x0000000704800000, 0x0000000704900000|  0%| F|  |TAMS 0x0000000704800000, 0x0000000704800000| Untracked 
|  47|0x0000000704900000, 0x0000000704900000, 0x0000000704a00000|  0%| F|  |TAMS 0x0000000704900000, 0x0000000704900000| Untracked 
|  48|0x0000000704a00000, 0x0000000704a00000, 0x0000000704b00000|  0%| F|  |TAMS 0x0000000704a00000, 0x0000000704a00000| Untracked 
|  49|0x0000000704b00000, 0x0000000704b00000, 0x0000000704c00000|  0%| F|  |TAMS 0x0000000704b00000, 0x0000000704b00000| Untracked 
|  50|0x0000000704c00000, 0x0000000704c00000, 0x0000000704d00000|  0%| F|  |TAMS 0x0000000704c00000, 0x0000000704c00000| Untracked 
|  51|0x0000000704d00000, 0x0000000704d00000, 0x0000000704e00000|  0%| F|  |TAMS 0x0000000704d00000, 0x0000000704d00000| Untracked 
|  52|0x0000000704e00000, 0x0000000704e00000, 0x0000000704f00000|  0%| F|  |TAMS 0x0000000704e00000, 0x0000000704e00000| Untracked 
|  53|0x0000000704f00000, 0x0000000704f00000, 0x0000000705000000|  0%| F|  |TAMS 0x0000000704f00000, 0x0000000704f00000| Untracked 
|  54|0x0000000705000000, 0x0000000705000000, 0x0000000705100000|  0%| F|  |TAMS 0x0000000705000000, 0x0000000705000000| Untracked 
|  55|0x0000000705100000, 0x0000000705100000, 0x0000000705200000|  0%| F|  |TAMS 0x0000000705100000, 0x0000000705100000| Untracked 
|  56|0x0000000705200000, 0x0000000705200000, 0x0000000705300000|  0%| F|  |TAMS 0x0000000705200000, 0x0000000705200000| Untracked 
|  57|0x0000000705300000, 0x0000000705300000, 0x0000000705400000|  0%| F|  |TAMS 0x0000000705300000, 0x0000000705300000| Untracked 
|  58|0x0000000705400000, 0x0000000705400000, 0x0000000705500000|  0%| F|  |TAMS 0x0000000705400000, 0x0000000705400000| Untracked 
|  59|0x0000000705500000, 0x0000000705500000, 0x0000000705600000|  0%| F|  |TAMS 0x0000000705500000, 0x0000000705500000| Untracked 
|  60|0x0000000705600000, 0x0000000705600000, 0x0000000705700000|  0%| F|  |TAMS 0x0000000705600000, 0x0000000705600000| Untracked 
|  61|0x0000000705700000, 0x0000000705700000, 0x0000000705800000|  0%| F|  |TAMS 0x0000000705700000, 0x0000000705700000| Untracked 
|  62|0x0000000705800000, 0x0000000705800000, 0x0000000705900000|  0%| F|  |TAMS 0x0000000705800000, 0x0000000705800000| Untracked 
|  63|0x0000000705900000, 0x0000000705900000, 0x0000000705a00000|  0%| F|  |TAMS 0x0000000705900000, 0x0000000705900000| Untracked 
|  64|0x0000000705a00000, 0x0000000705a00000, 0x0000000705b00000|  0%| F|  |TAMS 0x0000000705a00000, 0x0000000705a00000| Untracked 
|  65|0x0000000705b00000, 0x0000000705b00000, 0x0000000705c00000|  0%| F|  |TAMS 0x0000000705b00000, 0x0000000705b00000| Untracked 
|  66|0x0000000705c00000, 0x0000000705c00000, 0x0000000705d00000|  0%| F|  |TAMS 0x0000000705c00000, 0x0000000705c00000| Untracked 
|  67|0x0000000705d00000, 0x0000000705d00000, 0x0000000705e00000|  0%| F|  |TAMS 0x0000000705d00000, 0x0000000705d00000| Untracked 
|  68|0x0000000705e00000, 0x0000000705e00000, 0x0000000705f00000|  0%| F|  |TAMS 0x0000000705e00000, 0x0000000705e00000| Untracked 
|  69|0x0000000705f00000, 0x0000000705f00000, 0x0000000706000000|  0%| F|  |TAMS 0x0000000705f00000, 0x0000000705f00000| Untracked 
|  70|0x0000000706000000, 0x0000000706000000, 0x0000000706100000|  0%| F|  |TAMS 0x0000000706000000, 0x0000000706000000| Untracked 
|  71|0x0000000706100000, 0x0000000706100000, 0x0000000706200000|  0%| F|  |TAMS 0x0000000706100000, 0x0000000706100000| Untracked 
|  72|0x0000000706200000, 0x0000000706200000, 0x0000000706300000|  0%| F|  |TAMS 0x0000000706200000, 0x0000000706200000| Untracked 
|  73|0x0000000706300000, 0x0000000706300000, 0x0000000706400000|  0%| F|  |TAMS 0x0000000706300000, 0x0000000706300000| Untracked 
|  74|0x0000000706400000, 0x0000000706400000, 0x0000000706500000|  0%| F|  |TAMS 0x0000000706400000, 0x0000000706400000| Untracked 
|  75|0x0000000706500000, 0x0000000706500000, 0x0000000706600000|  0%| F|  |TAMS 0x0000000706500000, 0x0000000706500000| Untracked 
|  76|0x0000000706600000, 0x0000000706600000, 0x0000000706700000|  0%| F|  |TAMS 0x0000000706600000, 0x0000000706600000| Untracked 
|  77|0x0000000706700000, 0x0000000706700000, 0x0000000706800000|  0%| F|  |TAMS 0x0000000706700000, 0x0000000706700000| Untracked 
|  78|0x0000000706800000, 0x0000000706800000, 0x0000000706900000|  0%| F|  |TAMS 0x0000000706800000, 0x0000000706800000| Untracked 
|  79|0x0000000706900000, 0x0000000706900000, 0x0000000706a00000|  0%| F|  |TAMS 0x0000000706900000, 0x0000000706900000| Untracked 
|  80|0x0000000706a00000, 0x0000000706a00000, 0x0000000706b00000|  0%| F|  |TAMS 0x0000000706a00000, 0x0000000706a00000| Untracked 
|  81|0x0000000706b00000, 0x0000000706b00000, 0x0000000706c00000|  0%| F|  |TAMS 0x0000000706b00000, 0x0000000706b00000| Untracked 
|  82|0x0000000706c00000, 0x0000000706c00000, 0x0000000706d00000|  0%| F|  |TAMS 0x0000000706c00000, 0x0000000706c00000| Untracked 
|  83|0x0000000706d00000, 0x0000000706d00000, 0x0000000706e00000|  0%| F|  |TAMS 0x0000000706d00000, 0x0000000706d00000| Untracked 
|  84|0x0000000706e00000, 0x0000000706e00000, 0x0000000706f00000|  0%| F|  |TAMS 0x0000000706e00000, 0x0000000706e00000| Untracked 
|  85|0x0000000706f00000, 0x0000000706f00000, 0x0000000707000000|  0%| F|  |TAMS 0x0000000706f00000, 0x0000000706f00000| Untracked 
|  86|0x0000000707000000, 0x0000000707000000, 0x0000000707100000|  0%| F|  |TAMS 0x0000000707000000, 0x0000000707000000| Untracked 
|  87|0x0000000707100000, 0x0000000707100000, 0x0000000707200000|  0%| F|  |TAMS 0x0000000707100000, 0x0000000707100000| Untracked 
|  88|0x0000000707200000, 0x0000000707200000, 0x0000000707300000|  0%| F|  |TAMS 0x0000000707200000, 0x0000000707200000| Untracked 
|  89|0x0000000707300000, 0x0000000707300000, 0x0000000707400000|  0%| F|  |TAMS 0x0000000707300000, 0x0000000707300000| Untracked 
|  90|0x0000000707400000, 0x0000000707400000, 0x0000000707500000|  0%| F|  |TAMS 0x0000000707400000, 0x0000000707400000| Untracked 
|  91|0x0000000707500000, 0x0000000707500000, 0x0000000707600000|  0%| F|  |TAMS 0x0000000707500000, 0x0000000707500000| Untracked 
|  92|0x0000000707600000, 0x0000000707600000, 0x0000000707700000|  0%| F|  |TAMS 0x0000000707600000, 0x0000000707600000| Untracked 
|  93|0x0000000707700000, 0x0000000707700000, 0x0000000707800000|  0%| F|  |TAMS 0x0000000707700000, 0x0000000707700000| Untracked 
|  94|0x0000000707800000, 0x0000000707800000, 0x0000000707900000|  0%| F|  |TAMS 0x0000000707800000, 0x0000000707800000| Untracked 
|  95|0x0000000707900000, 0x0000000707900000, 0x0000000707a00000|  0%| F|  |TAMS 0x0000000707900000, 0x0000000707900000| Untracked 
|  96|0x0000000707a00000, 0x0000000707a00000, 0x0000000707b00000|  0%| F|  |TAMS 0x0000000707a00000, 0x0000000707a00000| Untracked 
|  97|0x0000000707b00000, 0x0000000707b00000, 0x0000000707c00000|  0%| F|  |TAMS 0x0000000707b00000, 0x0000000707b00000| Untracked 
|  98|0x0000000707c00000, 0x0000000707c00000, 0x0000000707d00000|  0%| F|  |TAMS 0x0000000707c00000, 0x0000000707c00000| Untracked 
|  99|0x0000000707d00000, 0x0000000707d00000, 0x0000000707e00000|  0%| F|  |TAMS 0x0000000707d00000, 0x0000000707d00000| Untracked 
| 100|0x0000000707e00000, 0x0000000707e00000, 0x0000000707f00000|  0%| F|  |TAMS 0x0000000707e00000, 0x0000000707e00000| Untracked 
| 101|0x0000000707f00000, 0x0000000707f00000, 0x0000000708000000|  0%| F|  |TAMS 0x0000000707f00000, 0x0000000707f00000| Untracked 
| 102|0x0000000708000000, 0x0000000708000000, 0x0000000708100000|  0%| F|  |TAMS 0x0000000708000000, 0x0000000708000000| Untracked 
| 103|0x0000000708100000, 0x0000000708100000, 0x0000000708200000|  0%| F|  |TAMS 0x0000000708100000, 0x0000000708100000| Untracked 
| 104|0x0000000708200000, 0x0000000708200000, 0x0000000708300000|  0%| F|  |TAMS 0x0000000708200000, 0x0000000708200000| Untracked 
| 105|0x0000000708300000, 0x0000000708300000, 0x0000000708400000|  0%| F|  |TAMS 0x0000000708300000, 0x0000000708300000| Untracked 
| 106|0x0000000708400000, 0x0000000708400000, 0x0000000708500000|  0%| F|  |TAMS 0x0000000708400000, 0x0000000708400000| Untracked 
| 107|0x0000000708500000, 0x0000000708500000, 0x0000000708600000|  0%| F|  |TAMS 0x0000000708500000, 0x0000000708500000| Untracked 
| 108|0x0000000708600000, 0x0000000708600000, 0x0000000708700000|  0%| F|  |TAMS 0x0000000708600000, 0x0000000708600000| Untracked 
| 109|0x0000000708700000, 0x0000000708700000, 0x0000000708800000|  0%| F|  |TAMS 0x0000000708700000, 0x0000000708700000| Untracked 
| 110|0x0000000708800000, 0x0000000708800000, 0x0000000708900000|  0%| F|  |TAMS 0x0000000708800000, 0x0000000708800000| Untracked 
| 111|0x0000000708900000, 0x0000000708900000, 0x0000000708a00000|  0%| F|  |TAMS 0x0000000708900000, 0x0000000708900000| Untracked 
| 112|0x0000000708a00000, 0x0000000708a00000, 0x0000000708b00000|  0%| F|  |TAMS 0x0000000708a00000, 0x0000000708a00000| Untracked 
| 113|0x0000000708b00000, 0x0000000708b00000, 0x0000000708c00000|  0%| F|  |TAMS 0x0000000708b00000, 0x0000000708b00000| Untracked 
| 114|0x0000000708c00000, 0x0000000708c00000, 0x0000000708d00000|  0%| F|  |TAMS 0x0000000708c00000, 0x0000000708c00000| Untracked 
| 115|0x0000000708d00000, 0x0000000708d00000, 0x0000000708e00000|  0%| F|  |TAMS 0x0000000708d00000, 0x0000000708d00000| Untracked 
| 116|0x0000000708e00000, 0x0000000708e00000, 0x0000000708f00000|  0%| F|  |TAMS 0x0000000708e00000, 0x0000000708e00000| Untracked 
| 117|0x0000000708f00000, 0x0000000708f00000, 0x0000000709000000|  0%| F|  |TAMS 0x0000000708f00000, 0x0000000708f00000| Untracked 
| 118|0x0000000709000000, 0x0000000709000000, 0x0000000709100000|  0%| F|  |TAMS 0x0000000709000000, 0x0000000709000000| Untracked 
| 119|0x0000000709100000, 0x0000000709100000, 0x0000000709200000|  0%| F|  |TAMS 0x0000000709100000, 0x0000000709100000| Untracked 
| 120|0x0000000709200000, 0x0000000709200000, 0x0000000709300000|  0%| F|  |TAMS 0x0000000709200000, 0x0000000709200000| Untracked 
| 121|0x0000000709300000, 0x0000000709300000, 0x0000000709400000|  0%| F|  |TAMS 0x0000000709300000, 0x0000000709300000| Untracked 
| 122|0x0000000709400000, 0x0000000709400000, 0x0000000709500000|  0%| F|  |TAMS 0x0000000709400000, 0x0000000709400000| Untracked 
| 123|0x0000000709500000, 0x0000000709500000, 0x0000000709600000|  0%| F|  |TAMS 0x0000000709500000, 0x0000000709500000| Untracked 
| 124|0x0000000709600000, 0x0000000709600000, 0x0000000709700000|  0%| F|  |TAMS 0x0000000709600000, 0x0000000709600000| Untracked 
| 125|0x0000000709700000, 0x0000000709700000, 0x0000000709800000|  0%| F|  |TAMS 0x0000000709700000, 0x0000000709700000| Untracked 
| 126|0x0000000709800000, 0x0000000709800000, 0x0000000709900000|  0%| F|  |TAMS 0x0000000709800000, 0x0000000709800000| Untracked 
| 127|0x0000000709900000, 0x0000000709900000, 0x0000000709a00000|  0%| F|  |TAMS 0x0000000709900000, 0x0000000709900000| Untracked 
| 128|0x0000000709a00000, 0x0000000709a00000, 0x0000000709b00000|  0%| F|  |TAMS 0x0000000709a00000, 0x0000000709a00000| Untracked 
| 129|0x0000000709b00000, 0x0000000709b00000, 0x0000000709c00000|  0%| F|  |TAMS 0x0000000709b00000, 0x0000000709b00000| Untracked 
| 130|0x0000000709c00000, 0x0000000709c00000, 0x0000000709d00000|  0%| F|  |TAMS 0x0000000709c00000, 0x0000000709c00000| Untracked 
| 131|0x0000000709d00000, 0x0000000709d00000, 0x0000000709e00000|  0%| F|  |TAMS 0x0000000709d00000, 0x0000000709d00000| Untracked 
| 132|0x0000000709e00000, 0x0000000709e00000, 0x0000000709f00000|  0%| F|  |TAMS 0x0000000709e00000, 0x0000000709e00000| Untracked 
| 133|0x0000000709f00000, 0x0000000709f00000, 0x000000070a000000|  0%| F|  |TAMS 0x0000000709f00000, 0x0000000709f00000| Untracked 
| 134|0x000000070a000000, 0x000000070a000000, 0x000000070a100000|  0%| F|  |TAMS 0x000000070a000000, 0x000000070a000000| Untracked 
| 135|0x000000070a100000, 0x000000070a100000, 0x000000070a200000|  0%| F|  |TAMS 0x000000070a100000, 0x000000070a100000| Untracked 
| 136|0x000000070a200000, 0x000000070a200000, 0x000000070a300000|  0%| F|  |TAMS 0x000000070a200000, 0x000000070a200000| Untracked 
| 137|0x000000070a300000, 0x000000070a300000, 0x000000070a400000|  0%| F|  |TAMS 0x000000070a300000, 0x000000070a300000| Untracked 
| 138|0x000000070a400000, 0x000000070a400000, 0x000000070a500000|  0%| F|  |TAMS 0x000000070a400000, 0x000000070a400000| Untracked 
| 139|0x000000070a500000, 0x000000070a500000, 0x000000070a600000|  0%| F|  |TAMS 0x000000070a500000, 0x000000070a500000| Untracked 
| 140|0x000000070a600000, 0x000000070a600000, 0x000000070a700000|  0%| F|  |TAMS 0x000000070a600000, 0x000000070a600000| Untracked 
| 141|0x000000070a700000, 0x000000070a700000, 0x000000070a800000|  0%| F|  |TAMS 0x000000070a700000, 0x000000070a700000| Untracked 
| 142|0x000000070a800000, 0x000000070a800000, 0x000000070a900000|  0%| F|  |TAMS 0x000000070a800000, 0x000000070a800000| Untracked 
| 143|0x000000070a900000, 0x000000070a900000, 0x000000070aa00000|  0%| F|  |TAMS 0x000000070a900000, 0x000000070a900000| Untracked 
| 144|0x000000070aa00000, 0x000000070aa00000, 0x000000070ab00000|  0%| F|  |TAMS 0x000000070aa00000, 0x000000070aa00000| Untracked 
| 145|0x000000070ab00000, 0x000000070ab00000, 0x000000070ac00000|  0%| F|  |TAMS 0x000000070ab00000, 0x000000070ab00000| Untracked 
| 146|0x000000070ac00000, 0x000000070ac00000, 0x000000070ad00000|  0%| F|  |TAMS 0x000000070ac00000, 0x000000070ac00000| Untracked 
| 147|0x000000070ad00000, 0x000000070ad00000, 0x000000070ae00000|  0%| F|  |TAMS 0x000000070ad00000, 0x000000070ad00000| Untracked 
| 148|0x000000070ae00000, 0x000000070ae00000, 0x000000070af00000|  0%| F|  |TAMS 0x000000070ae00000, 0x000000070ae00000| Untracked 
| 149|0x000000070af00000, 0x000000070af00000, 0x000000070b000000|  0%| F|  |TAMS 0x000000070af00000, 0x000000070af00000| Untracked 
| 150|0x000000070b000000, 0x000000070b000000, 0x000000070b100000|  0%| F|  |TAMS 0x000000070b000000, 0x000000070b000000| Untracked 
| 151|0x000000070b100000, 0x000000070b100000, 0x000000070b200000|  0%| F|  |TAMS 0x000000070b100000, 0x000000070b100000| Untracked 
| 152|0x000000070b200000, 0x000000070b200000, 0x000000070b300000|  0%| F|  |TAMS 0x000000070b200000, 0x000000070b200000| Untracked 
| 153|0x000000070b300000, 0x000000070b300000, 0x000000070b400000|  0%| F|  |TAMS 0x000000070b300000, 0x000000070b300000| Untracked 
| 154|0x000000070b400000, 0x000000070b400000, 0x000000070b500000|  0%| F|  |TAMS 0x000000070b400000, 0x000000070b400000| Untracked 
| 155|0x000000070b500000, 0x000000070b500000, 0x000000070b600000|  0%| F|  |TAMS 0x000000070b500000, 0x000000070b500000| Untracked 
| 156|0x000000070b600000, 0x000000070b680800, 0x000000070b700000| 50%| E|  |TAMS 0x000000070b600000, 0x000000070b600000| Complete 
| 157|0x000000070b700000, 0x000000070b800000, 0x000000070b800000|100%| E|CS|TAMS 0x000000070b700000, 0x000000070b700000| Complete 
| 158|0x000000070b800000, 0x000000070b900000, 0x000000070b900000|100%| E|CS|TAMS 0x000000070b800000, 0x000000070b800000| Complete 
| 159|0x000000070b900000, 0x000000070ba00000, 0x000000070ba00000|100%| E|CS|TAMS 0x000000070b900000, 0x000000070b900000| Complete 
| 160|0x000000070ba00000, 0x000000070bb00000, 0x000000070bb00000|100%| E|CS|TAMS 0x000000070ba00000, 0x000000070ba00000| Complete 
| 161|0x000000070bb00000, 0x000000070bc00000, 0x000000070bc00000|100%| E|CS|TAMS 0x000000070bb00000, 0x000000070bb00000| Complete 
| 162|0x000000070bc00000, 0x000000070bd00000, 0x000000070bd00000|100%| E|CS|TAMS 0x000000070bc00000, 0x000000070bc00000| Complete 
| 163|0x000000070bd00000, 0x000000070be00000, 0x000000070be00000|100%| E|CS|TAMS 0x000000070bd00000, 0x000000070bd00000| Complete 
| 164|0x000000070be00000, 0x000000070bf00000, 0x000000070bf00000|100%| E|CS|TAMS 0x000000070be00000, 0x000000070be00000| Complete 
| 165|0x000000070bf00000, 0x000000070c000000, 0x000000070c000000|100%| E|CS|TAMS 0x000000070bf00000, 0x000000070bf00000| Complete 
| 166|0x000000070c000000, 0x000000070c100000, 0x000000070c100000|100%| E|CS|TAMS 0x000000070c000000, 0x000000070c000000| Complete 
| 167|0x000000070c100000, 0x000000070c200000, 0x000000070c200000|100%| E|CS|TAMS 0x000000070c100000, 0x000000070c100000| Complete 
| 168|0x000000070c200000, 0x000000070c300000, 0x000000070c300000|100%| E|CS|TAMS 0x000000070c200000, 0x000000070c200000| Complete 
| 169|0x000000070c300000, 0x000000070c400000, 0x000000070c400000|100%| E|CS|TAMS 0x000000070c300000, 0x000000070c300000| Complete 
| 170|0x000000070c400000, 0x000000070c500000, 0x000000070c500000|100%| E|CS|TAMS 0x000000070c400000, 0x000000070c400000| Complete 
| 171|0x000000070c500000, 0x000000070c600000, 0x000000070c600000|100%| E|CS|TAMS 0x000000070c500000, 0x000000070c500000| Complete 
| 172|0x000000070c600000, 0x000000070c700000, 0x000000070c700000|100%| E|CS|TAMS 0x000000070c600000, 0x000000070c600000| Complete 
| 173|0x000000070c700000, 0x000000070c800000, 0x000000070c800000|100%| E|CS|TAMS 0x000000070c700000, 0x000000070c700000| Complete 
| 174|0x000000070c800000, 0x000000070c900000, 0x000000070c900000|100%| E|CS|TAMS 0x000000070c800000, 0x000000070c800000| Complete 
| 175|0x000000070c900000, 0x000000070ca00000, 0x000000070ca00000|100%| E|CS|TAMS 0x000000070c900000, 0x000000070c900000| Complete 
| 176|0x000000070ca00000, 0x000000070cb00000, 0x000000070cb00000|100%| E|CS|TAMS 0x000000070ca00000, 0x000000070ca00000| Complete 
| 177|0x000000070cb00000, 0x000000070cc00000, 0x000000070cc00000|100%| E|CS|TAMS 0x000000070cb00000, 0x000000070cb00000| Complete 
| 178|0x000000070cc00000, 0x000000070cd00000, 0x000000070cd00000|100%| E|CS|TAMS 0x000000070cc00000, 0x000000070cc00000| Complete 
| 179|0x000000070cd00000, 0x000000070ce00000, 0x000000070ce00000|100%| E|CS|TAMS 0x000000070cd00000, 0x000000070cd00000| Complete 
| 180|0x000000070ce00000, 0x000000070cf00000, 0x000000070cf00000|100%| E|CS|TAMS 0x000000070ce00000, 0x000000070ce00000| Complete 
| 181|0x000000070cf00000, 0x000000070d000000, 0x000000070d000000|100%| E|CS|TAMS 0x000000070cf00000, 0x000000070cf00000| Complete 
| 182|0x000000070d000000, 0x000000070d100000, 0x000000070d100000|100%| E|CS|TAMS 0x000000070d000000, 0x000000070d000000| Complete 
| 183|0x000000070d100000, 0x000000070d200000, 0x000000070d200000|100%| E|CS|TAMS 0x000000070d100000, 0x000000070d100000| Complete 
| 184|0x000000070d200000, 0x000000070d300000, 0x000000070d300000|100%| E|CS|TAMS 0x000000070d200000, 0x000000070d200000| Complete 
| 185|0x000000070d300000, 0x000000070d400000, 0x000000070d400000|100%| E|CS|TAMS 0x000000070d300000, 0x000000070d300000| Complete 
| 186|0x000000070d400000, 0x000000070d500000, 0x000000070d500000|100%| E|CS|TAMS 0x000000070d400000, 0x000000070d400000| Complete 
| 187|0x000000070d500000, 0x000000070d600000, 0x000000070d600000|100%| E|CS|TAMS 0x000000070d500000, 0x000000070d500000| Complete 
| 188|0x000000070d600000, 0x000000070d700000, 0x000000070d700000|100%| E|CS|TAMS 0x000000070d600000, 0x000000070d600000| Complete 
| 189|0x000000070d700000, 0x000000070d800000, 0x000000070d800000|100%| E|CS|TAMS 0x000000070d700000, 0x000000070d700000| Complete 
| 190|0x000000070d800000, 0x000000070d900000, 0x000000070d900000|100%| E|CS|TAMS 0x000000070d800000, 0x000000070d800000| Complete 
| 191|0x000000070d900000, 0x000000070da00000, 0x000000070da00000|100%| E|CS|TAMS 0x000000070d900000, 0x000000070d900000| Complete 
| 192|0x000000070da00000, 0x000000070db00000, 0x000000070db00000|100%| E|CS|TAMS 0x000000070da00000, 0x000000070da00000| Complete 
| 193|0x000000070db00000, 0x000000070dc00000, 0x000000070dc00000|100%| E|CS|TAMS 0x000000070db00000, 0x000000070db00000| Complete 
| 194|0x000000070dc00000, 0x000000070dd00000, 0x000000070dd00000|100%| E|CS|TAMS 0x000000070dc00000, 0x000000070dc00000| Complete 
| 195|0x000000070dd00000, 0x000000070de00000, 0x000000070de00000|100%| E|CS|TAMS 0x000000070dd00000, 0x000000070dd00000| Complete 
| 196|0x000000070de00000, 0x000000070df00000, 0x000000070df00000|100%| E|CS|TAMS 0x000000070de00000, 0x000000070de00000| Complete 
| 197|0x000000070df00000, 0x000000070e000000, 0x000000070e000000|100%| E|CS|TAMS 0x000000070df00000, 0x000000070df00000| Complete 
| 198|0x000000070e000000, 0x000000070e100000, 0x000000070e100000|100%| E|CS|TAMS 0x000000070e000000, 0x000000070e000000| Complete 
| 199|0x000000070e100000, 0x000000070e200000, 0x000000070e200000|100%| E|CS|TAMS 0x000000070e100000, 0x000000070e100000| Complete 
| 200|0x000000070e200000, 0x000000070e300000, 0x000000070e300000|100%| E|CS|TAMS 0x000000070e200000, 0x000000070e200000| Complete 
| 201|0x000000070e300000, 0x000000070e400000, 0x000000070e400000|100%| E|CS|TAMS 0x000000070e300000, 0x000000070e300000| Complete 
| 202|0x000000070e400000, 0x000000070e500000, 0x000000070e500000|100%| E|CS|TAMS 0x000000070e400000, 0x000000070e400000| Complete 
| 203|0x000000070e500000, 0x000000070e600000, 0x000000070e600000|100%| E|CS|TAMS 0x000000070e500000, 0x000000070e500000| Complete 
| 204|0x000000070e600000, 0x000000070e700000, 0x000000070e700000|100%| E|CS|TAMS 0x000000070e600000, 0x000000070e600000| Complete 
| 205|0x000000070e700000, 0x000000070e800000, 0x000000070e800000|100%| E|CS|TAMS 0x000000070e700000, 0x000000070e700000| Complete 
| 206|0x000000070e800000, 0x000000070e900000, 0x000000070e900000|100%| E|CS|TAMS 0x000000070e800000, 0x000000070e800000| Complete 
| 207|0x000000070e900000, 0x000000070ea00000, 0x000000070ea00000|100%| E|CS|TAMS 0x000000070e900000, 0x000000070e900000| Complete 
| 208|0x000000070ea00000, 0x000000070eb00000, 0x000000070eb00000|100%| E|CS|TAMS 0x000000070ea00000, 0x000000070ea00000| Complete 
| 209|0x000000070eb00000, 0x000000070ec00000, 0x000000070ec00000|100%| E|CS|TAMS 0x000000070eb00000, 0x000000070eb00000| Complete 
| 210|0x000000070ec00000, 0x000000070ed00000, 0x000000070ed00000|100%| E|CS|TAMS 0x000000070ec00000, 0x000000070ec00000| Complete 
| 211|0x000000070ed00000, 0x000000070ee00000, 0x000000070ee00000|100%| E|CS|TAMS 0x000000070ed00000, 0x000000070ed00000| Complete 
| 212|0x000000070ee00000, 0x000000070ef00000, 0x000000070ef00000|100%| E|CS|TAMS 0x000000070ee00000, 0x000000070ee00000| Complete 
| 213|0x000000070ef00000, 0x000000070f000000, 0x000000070f000000|100%| E|CS|TAMS 0x000000070ef00000, 0x000000070ef00000| Complete 
| 214|0x000000070f000000, 0x000000070f100000, 0x000000070f100000|100%| E|CS|TAMS 0x000000070f000000, 0x000000070f000000| Complete 
| 215|0x000000070f100000, 0x000000070f200000, 0x000000070f200000|100%| E|CS|TAMS 0x000000070f100000, 0x000000070f100000| Complete 
| 216|0x000000070f200000, 0x000000070f300000, 0x000000070f300000|100%| E|CS|TAMS 0x000000070f200000, 0x000000070f200000| Complete 
| 217|0x000000070f300000, 0x000000070f400000, 0x000000070f400000|100%| E|CS|TAMS 0x000000070f300000, 0x000000070f300000| Complete 
| 218|0x000000070f400000, 0x000000070f500000, 0x000000070f500000|100%| E|CS|TAMS 0x000000070f400000, 0x000000070f400000| Complete 
| 219|0x000000070f500000, 0x000000070f600000, 0x000000070f600000|100%| E|CS|TAMS 0x000000070f500000, 0x000000070f500000| Complete 
| 220|0x000000070f600000, 0x000000070f700000, 0x000000070f700000|100%| E|CS|TAMS 0x000000070f600000, 0x000000070f600000| Complete 
| 221|0x000000070f700000, 0x000000070f800000, 0x000000070f800000|100%| E|CS|TAMS 0x000000070f700000, 0x000000070f700000| Complete 
| 222|0x000000070f800000, 0x000000070f900000, 0x000000070f900000|100%| E|CS|TAMS 0x000000070f800000, 0x000000070f800000| Complete 
| 223|0x000000070f900000, 0x000000070fa00000, 0x000000070fa00000|100%| E|CS|TAMS 0x000000070f900000, 0x000000070f900000| Complete 
| 224|0x000000070fa00000, 0x000000070fb00000, 0x000000070fb00000|100%| E|CS|TAMS 0x000000070fa00000, 0x000000070fa00000| Complete 
| 225|0x000000070fb00000, 0x000000070fc00000, 0x000000070fc00000|100%| E|CS|TAMS 0x000000070fb00000, 0x000000070fb00000| Complete 
| 226|0x000000070fc00000, 0x000000070fd00000, 0x000000070fd00000|100%| E|CS|TAMS 0x000000070fc00000, 0x000000070fc00000| Complete 
| 227|0x000000070fd00000, 0x000000070fe00000, 0x000000070fe00000|100%| E|CS|TAMS 0x000000070fd00000, 0x000000070fd00000| Complete 
| 228|0x000000070fe00000, 0x000000070ff00000, 0x000000070ff00000|100%| E|CS|TAMS 0x000000070fe00000, 0x000000070fe00000| Complete 
| 229|0x000000070ff00000, 0x0000000710000000, 0x0000000710000000|100%| E|CS|TAMS 0x000000070ff00000, 0x000000070ff00000| Complete 
| 230|0x0000000710000000, 0x0000000710100000, 0x0000000710100000|100%| E|CS|TAMS 0x0000000710000000, 0x0000000710000000| Complete 
| 231|0x0000000710100000, 0x0000000710200000, 0x0000000710200000|100%| E|CS|TAMS 0x0000000710100000, 0x0000000710100000| Complete 
| 232|0x0000000710200000, 0x0000000710300000, 0x0000000710300000|100%| E|CS|TAMS 0x0000000710200000, 0x0000000710200000| Complete 
| 233|0x0000000710300000, 0x0000000710400000, 0x0000000710400000|100%| E|CS|TAMS 0x0000000710300000, 0x0000000710300000| Complete 
| 234|0x0000000710400000, 0x0000000710500000, 0x0000000710500000|100%| E|CS|TAMS 0x0000000710400000, 0x0000000710400000| Complete 
| 235|0x0000000710500000, 0x0000000710600000, 0x0000000710600000|100%| E|CS|TAMS 0x0000000710500000, 0x0000000710500000| Complete 
| 236|0x0000000710600000, 0x0000000710700000, 0x0000000710700000|100%| E|CS|TAMS 0x0000000710600000, 0x0000000710600000| Complete 
| 237|0x0000000710700000, 0x0000000710800000, 0x0000000710800000|100%| E|CS|TAMS 0x0000000710700000, 0x0000000710700000| Complete 
| 238|0x0000000710800000, 0x0000000710900000, 0x0000000710900000|100%| E|CS|TAMS 0x0000000710800000, 0x0000000710800000| Complete 
| 239|0x0000000710900000, 0x0000000710a00000, 0x0000000710a00000|100%| E|CS|TAMS 0x0000000710900000, 0x0000000710900000| Complete 
| 240|0x0000000710a00000, 0x0000000710b00000, 0x0000000710b00000|100%| S|CS|TAMS 0x0000000710a00000, 0x0000000710a00000| Complete 
| 241|0x0000000710b00000, 0x0000000710c00000, 0x0000000710c00000|100%| S|CS|TAMS 0x0000000710b00000, 0x0000000710b00000| Complete 
| 242|0x0000000710c00000, 0x0000000710d00000, 0x0000000710d00000|100%| E|CS|TAMS 0x0000000710c00000, 0x0000000710c00000| Complete 
| 243|0x0000000710d00000, 0x0000000710e00000, 0x0000000710e00000|100%| E|CS|TAMS 0x0000000710d00000, 0x0000000710d00000| Complete 
| 244|0x0000000710e00000, 0x0000000710f00000, 0x0000000710f00000|100%| E|CS|TAMS 0x0000000710e00000, 0x0000000710e00000| Complete 
| 245|0x0000000710f00000, 0x0000000711000000, 0x0000000711000000|100%| E|CS|TAMS 0x0000000710f00000, 0x0000000710f00000| Complete 
| 246|0x0000000711000000, 0x0000000711100000, 0x0000000711100000|100%| E|  |TAMS 0x0000000711000000, 0x0000000711000000| Complete 
| 247|0x0000000711100000, 0x0000000711200000, 0x0000000711200000|100%| E|CS|TAMS 0x0000000711100000, 0x0000000711100000| Complete 
| 248|0x0000000711200000, 0x0000000711300000, 0x0000000711300000|100%| E|CS|TAMS 0x0000000711200000, 0x0000000711200000| Complete 
| 249|0x0000000711300000, 0x0000000711400000, 0x0000000711400000|100%| E|CS|TAMS 0x0000000711300000, 0x0000000711300000| Complete 
| 250|0x0000000711400000, 0x0000000711500000, 0x0000000711500000|100%| E|CS|TAMS 0x0000000711400000, 0x0000000711400000| Complete 
| 251|0x0000000711500000, 0x0000000711600000, 0x0000000711600000|100%| E|CS|TAMS 0x0000000711500000, 0x0000000711500000| Complete 
| 252|0x0000000711600000, 0x0000000711700000, 0x0000000711700000|100%| E|CS|TAMS 0x0000000711600000, 0x0000000711600000| Complete 
| 253|0x0000000711700000, 0x0000000711800000, 0x0000000711800000|100%| E|CS|TAMS 0x0000000711700000, 0x0000000711700000| Complete 
| 254|0x0000000711800000, 0x0000000711900000, 0x0000000711900000|100%| E|CS|TAMS 0x0000000711800000, 0x0000000711800000| Complete 
| 255|0x0000000711900000, 0x0000000711a00000, 0x0000000711a00000|100%| E|CS|TAMS 0x0000000711900000, 0x0000000711900000| Complete 

Card table byte_map: [0x000001f91dac0000,0x000001f91e2c0000] _byte_map_base: 0x000001f91a2b3000

Marking Bits (Prev, Next): (CMBitMap*) 0x000001f90400daa8, (CMBitMap*) 0x000001f90400dae0
 Prev Bits: [0x000001f91eac0000, 0x000001f922a58000)
 Next Bits: [0x000001f922a60000, 0x000001f9269f8000)

Polling page: 0x000001f903e20000

Metaspace:

Usage:
  Non-class:     10.78 MB capacity,    10.69 MB (>99%) used,    82.94 KB ( <1%) free+waste,     9.00 KB ( <1%) overhead. 
      Class:    991.00 KB capacity,   965.52 KB ( 97%) used,    22.85 KB (  2%) free+waste,     2.63 KB ( <1%) overhead. 
       Both:     11.75 MB capacity,    11.64 MB (>99%) used,   105.79 KB ( <1%) free+waste,    11.63 KB ( <1%) overhead. 

Virtual space:
  Non-class space:       12.00 MB reserved,      11.00 MB ( 92%) committed 
      Class space:        1.00 GB reserved,       1.00 MB ( <1%) committed 
             Both:        1.01 GB reserved,      12.00 MB (  1%) committed 

Chunk freelists:
   Non-Class:  11.75 KB
       Class:  128 bytes
        Both:  11.88 KB

CodeHeap 'non-profiled nmethods': size=120064Kb used=669Kb max_used=669Kb free=119395Kb
 bounds [0x000001f915760000, 0x000001f9159d0000, 0x000001f91cca0000]
CodeHeap 'profiled nmethods': size=120000Kb used=2981Kb max_used=2981Kb free=117018Kb
 bounds [0x000001f90e230000, 0x000001f90e520000, 0x000001f915760000]
CodeHeap 'non-nmethods': size=5696Kb used=1183Kb max_used=1204Kb free=4513Kb
 bounds [0x000001f90dca0000, 0x000001f90df10000, 0x000001f90e230000]
 total_blobs=1987 nmethods=1450 adapters=449
 compilation: enabled
              stopped_count=0, restarted_count=0
 full_count=0

Compilation events (10 events):
Event: 9.121 Thread 0x000001f9299ba000 nmethod 1444 0x000001f915805090 code [0x000001f915805240, 0x000001f915805318]
Event: 9.121 Thread 0x000001f9299ba000 1445       4       com.badlogic.gdx.math.Vector3::set (17 bytes)
Event: 9.121 Thread 0x000001f9299ba000 nmethod 1445 0x000001f915805390 code [0x000001f915805520, 0x000001f9158055b8]
Event: 9.125 Thread 0x000001f9299bd000 1446   !   3       java.nio.DirectByteBuffer::get (29 bytes)
Event: 9.125 Thread 0x000001f9299bd000 nmethod 1446 0x000001f90e516390 code [0x000001f90e516560, 0x000001f90e516858]
Event: 9.125 Thread 0x000001f9299ba000 1447       4       java.lang.Character::charCount (12 bytes)
Event: 9.126 Thread 0x000001f9299ba000 nmethod 1447 0x000001f915805690 code [0x000001f915805820, 0x000001f915805878]
Event: 9.126 Thread 0x000001f9299ba000 1448       4       java.util.StringTokenizer::nextToken (92 bytes)
Event: 9.127 Thread 0x000001f9299bd000 1450       3       java.io.WinNTFileSystem::normalize (224 bytes)
Event: 9.129 Thread 0x000001f9299bd000 nmethod 1450 0x000001f90e516a10 code [0x000001f90e516e20, 0x000001f90e518c38]

GC Heap History (2 events):
Event: 0.751 GC heap before
{Heap before GC invocations=0 (full 0):
 garbage-first heap   total 262144K, used 13312K [0x0000000701a00000, 0x0000000800000000)
  region size 1024K, 14 young (14336K), 0 survivors (0K)
 Metaspace       used 10560K, capacity 10683K, committed 11008K, reserved 1058816K
  class space    used 872K, capacity 926K, committed 1024K, reserved 1048576K
}
Event: 0.759 GC heap after
{Heap after GC invocations=1 (full 0):
 garbage-first heap   total 262144K, used 2052K [0x0000000701a00000, 0x0000000800000000)
  region size 1024K, 2 young (2048K), 2 survivors (2048K)
 Metaspace       used 10560K, capacity 10683K, committed 11008K, reserved 1058816K
  class space    used 872K, capacity 926K, committed 1024K, reserved 1048576K
}

Deoptimization events (10 events):
Event: 2.197 Thread 0x000001f92a35a800 Uncommon trap: reason=unstable_if action=reinterpret pc=0x000001f9157a7980 method=com.badlogic.gdx.utils.IntMap.get(I)Ljava/lang/Object; @ 1 c2
Event: 9.085 Thread 0x000001f92a35a800 Uncommon trap: reason=unstable_if action=reinterpret pc=0x000001f9157ea238 method=com.badlogic.gdx.math.Rectangle.overlaps(Lcom/badlogic/gdx/math/Rectangle;)Z @ 65 c2
Event: 9.086 Thread 0x000001f92a35a800 Uncommon trap: reason=unstable_if action=reinterpret pc=0x000001f9157d2c80 method=java.io.File.getName()Ljava/lang/String; @ 16 c2
Event: 9.088 Thread 0x000001f92a35a800 Uncommon trap: reason=unstable_if action=reinterpret pc=0x000001f9157f7b48 method=java.io.File.getName()Ljava/lang/String; @ 16 c2
Event: 9.125 Thread 0x000001f92a35a800 Uncommon trap: reason=unstable_if action=reinterpret pc=0x000001f9157eddb0 method=com.badlogic.gdx.files.FileHandle.read()Ljava/io/InputStream; @ 7 c2
Event: 9.127 Thread 0x000001f92a35a800 Uncommon trap: reason=unstable_if action=reinterpret pc=0x000001f9157f1780 method=com.badlogic.gdx.files.FileHandle.length()J @ 7 c2
Event: 9.128 Thread 0x000001f92a35a800 Uncommon trap: reason=array_check action=maybe_recompile pc=0x000001f9157cc32c method=com.badlogic.gdx.utils.Array.add(Ljava/lang/Object;)V @ 46 c2
Event: 9.128 Thread 0x000001f92a35a800 Uncommon trap: reason=array_check action=maybe_recompile pc=0x000001f9157cc32c method=com.badlogic.gdx.utils.Array.add(Ljava/lang/Object;)V @ 46 c2
Event: 9.128 Thread 0x000001f92a35a800 Uncommon trap: reason=array_check action=maybe_recompile pc=0x000001f9157cc32c method=com.badlogic.gdx.utils.Array.add(Ljava/lang/Object;)V @ 46 c2
Event: 9.128 Thread 0x000001f92a35a800 Uncommon trap: reason=array_check action=maybe_recompile pc=0x000001f9157cc32c method=com.badlogic.gdx.utils.Array.add(Ljava/lang/Object;)V @ 46 c2

Classes redefined (0 events):
No events

Internal exceptions (7 events):
Event: 0.269 Thread 0x000001f903fac800 Exception <a 'java/security/PrivilegedActionException'{0x00000007116b6f08}> (0x00000007116b6f08) thrown at [./open/src/hotspot/share/prims/jvm.cpp, line 1305]
Event: 0.269 Thread 0x000001f903fac800 Exception <a 'java/security/PrivilegedActionException'{0x00000007116b96e8}> (0x00000007116b96e8) thrown at [./open/src/hotspot/share/prims/jvm.cpp, line 1305]
Event: 0.269 Thread 0x000001f903fac800 Exception <a 'java/security/PrivilegedActionException'{0x00000007116ba6e0}> (0x00000007116ba6e0) thrown at [./open/src/hotspot/share/prims/jvm.cpp, line 1305]
Event: 0.272 Thread 0x000001f903fac800 Exception <a 'java/security/PrivilegedActionException'{0x00000007116cc6c0}> (0x00000007116cc6c0) thrown at [./open/src/hotspot/share/prims/jvm.cpp, line 1305]
Event: 0.272 Thread 0x000001f903fac800 Exception <a 'java/security/PrivilegedActionException'{0x00000007116cd280}> (0x00000007116cd280) thrown at [./open/src/hotspot/share/prims/jvm.cpp, line 1305]
Event: 0.272 Thread 0x000001f903fac800 Exception <a 'java/security/PrivilegedActionException'{0x00000007116cde00}> (0x00000007116cde00) thrown at [./open/src/hotspot/share/prims/jvm.cpp, line 1305]
Event: 0.612 Thread 0x000001f92a35a800 Exception <a 'java/lang/NoSuchMethodError'{0x00000007111d2b78}: java.lang.invoke.DirectMethodHandle$Holder.invokeSpecialIFC(Ljava/lang/Object;Ljava/lang/Object;I)I> (0x00000007111d2b78) thrown at [./open/src/hotspot/share/interpreter/linkResolver.cpp, lin

Events (10 events):
Event: 9.128 Thread 0x000001f92a35a800 Uncommon trap: trap_request=0xffffffd6 fr.pc=0x000001f9157cc32c relative=0x00000000000001cc
Event: 9.128 Thread 0x000001f92a35a800 DEOPT PACKING pc=0x000001f9157cc32c sp=0x0000002a94efeac0
Event: 9.128 Thread 0x000001f92a35a800 DEOPT UNPACKING pc=0x000001f90dcc68af sp=0x0000002a94efea68 mode 2
Event: 9.128 Thread 0x000001f92a35a800 Uncommon trap: trap_request=0xffffffd6 fr.pc=0x000001f9157cc32c relative=0x00000000000001cc
Event: 9.128 Thread 0x000001f92a35a800 DEOPT PACKING pc=0x000001f9157cc32c sp=0x0000002a94efebf0
Event: 9.128 Thread 0x000001f92a35a800 DEOPT UNPACKING pc=0x000001f90dcc68af sp=0x0000002a94efeb98 mode 2
Event: 9.129 loading class com/badlogic/greedydwarf/Screens/EndGameScreen$1
Event: 9.129 loading class com/badlogic/greedydwarf/Screens/EndGameScreen$1 done
Event: 9.129 loading class com/badlogic/greedydwarf/Screens/EndGameScreen$2
Event: 9.129 loading class com/badlogic/greedydwarf/Screens/EndGameScreen$2 done


Dynamic libraries:
0x00007ff690fd0000 - 0x00007ff690fdf000 	C:\Program Files\Java\jdk-11.0.12\bin\java.exe
0x00007fff57bf0000 - 0x00007fff57de5000 	C:\WINDOWS\SYSTEM32\ntdll.dll
0x00007fff55d80000 - 0x00007fff55e3e000 	C:\WINDOWS\System32\KERNEL32.DLL
0x00007fff554f0000 - 0x00007fff557b8000 	C:\WINDOWS\System32\KERNELBASE.dll
0x00007fff55310000 - 0x00007fff55410000 	C:\WINDOWS\System32\ucrtbase.dll
0x00007fff43d50000 - 0x00007fff43d65000 	C:\Program Files\Java\jdk-11.0.12\bin\VCRUNTIME140.dll
0x00007fff41ee0000 - 0x00007fff41ef8000 	C:\Program Files\Java\jdk-11.0.12\bin\jli.dll
0x00007fff56440000 - 0x00007fff564ee000 	C:\WINDOWS\System32\ADVAPI32.dll
0x00007fff57150000 - 0x00007fff571ee000 	C:\WINDOWS\System32\msvcrt.dll
0x00007fff562f0000 - 0x00007fff5638c000 	C:\WINDOWS\System32\sechost.dll
0x00007fff55e60000 - 0x00007fff55f85000 	C:\WINDOWS\System32\RPCRT4.dll
0x00007fff56740000 - 0x00007fff568e0000 	C:\WINDOWS\System32\USER32.dll
0x00007fff42760000 - 0x00007fff429fa000 	C:\WINDOWS\WinSxS\amd64_microsoft.windows.common-controls_6595b64144ccf1df_6.0.19041.1110_none_60b5254171f9507e\COMCTL32.dll
0x00007fff55810000 - 0x00007fff55832000 	C:\WINDOWS\System32\win32u.dll
0x00007fff56950000 - 0x00007fff5697b000 	C:\WINDOWS\System32\GDI32.dll
0x00007fff559e0000 - 0x00007fff55aeb000 	C:\WINDOWS\System32\gdi32full.dll
0x00007fff558d0000 - 0x00007fff5596d000 	C:\WINDOWS\System32\msvcp_win.dll
0x00007fff49840000 - 0x00007fff4984a000 	C:\WINDOWS\SYSTEM32\VERSION.dll
0x00007fff56980000 - 0x00007fff569b0000 	C:\WINDOWS\System32\IMM32.DLL
0x00007fff33960000 - 0x00007fff339fb000 	C:\Program Files\Java\jdk-11.0.12\bin\msvcp140.dll
0x00007fff10830000 - 0x00007fff1132f000 	C:\Program Files\Java\jdk-11.0.12\bin\server\jvm.dll
0x00007fff57140000 - 0x00007fff57148000 	C:\WINDOWS\System32\PSAPI.DLL
0x00007fff41b70000 - 0x00007fff41b97000 	C:\WINDOWS\SYSTEM32\WINMM.dll
0x00007fff511e0000 - 0x00007fff511e9000 	C:\WINDOWS\SYSTEM32\WSOCK32.dll
0x00007fff568e0000 - 0x00007fff5694b000 	C:\WINDOWS\System32\WS2_32.dll
0x00007fff53200000 - 0x00007fff53212000 	C:\WINDOWS\SYSTEM32\kernel.appcore.dll
0x00007fff4f620000 - 0x00007fff4f630000 	C:\Program Files\Java\jdk-11.0.12\bin\verify.dll
0x00007fff3ece0000 - 0x00007fff3eec4000 	C:\WINDOWS\SYSTEM32\DBGHELP.DLL
0x00007fff3ecb0000 - 0x00007fff3ecdc000 	C:\WINDOWS\SYSTEM32\dbgcore.DLL
0x00007fff55840000 - 0x00007fff558c2000 	C:\WINDOWS\System32\bcryptPrimitives.dll
0x00007fff41d10000 - 0x00007fff41d38000 	C:\Program Files\Java\jdk-11.0.12\bin\java.dll
0x00007fff4f300000 - 0x00007fff4f30a000 	C:\Program Files\Java\jdk-11.0.12\bin\jimage.dll
0x00007fff41ec0000 - 0x00007fff41ed6000 	C:\Program Files\Java\jdk-11.0.12\bin\zip.dll
0x00007fff57320000 - 0x00007fff57a64000 	C:\WINDOWS\System32\SHELL32.dll
0x00007fff53400000 - 0x00007fff53b94000 	C:\WINDOWS\SYSTEM32\windows.storage.dll
0x00007fff55f90000 - 0x00007fff562e4000 	C:\WINDOWS\System32\combase.dll
0x00007fff54d70000 - 0x00007fff54d9c000 	C:\WINDOWS\SYSTEM32\Wldp.dll
0x00007fff56390000 - 0x00007fff5643d000 	C:\WINDOWS\System32\SHCORE.dll
0x00007fff569b0000 - 0x00007fff56a05000 	C:\WINDOWS\System32\shlwapi.dll
0x00007fff55250000 - 0x00007fff5526f000 	C:\WINDOWS\SYSTEM32\profapi.dll
0x00007fff415f0000 - 0x00007fff41609000 	C:\Program Files\Java\jdk-11.0.12\bin\net.dll
0x00007fff43c10000 - 0x00007fff43d19000 	C:\WINDOWS\SYSTEM32\WINHTTP.dll
0x00007fff54a60000 - 0x00007fff54aca000 	C:\WINDOWS\system32\mswsock.dll
0x00007fff415d0000 - 0x00007fff415e2000 	C:\Program Files\Java\jdk-11.0.12\bin\nio.dll
0x000000006e700000 - 0x000000006e72a000 	C:\Users\zacha\AppData\Local\Temp\libgdxzacha\e1cd32f8\gdx64.dll
0x0000000180000000 - 0x0000000180053000 	C:\Users\zacha\AppData\Local\Temp\libgdxzacha\1cecf4f6\lwjgl64.dll
0x00007fff44850000 - 0x00007fff44976000 	C:\WINDOWS\SYSTEM32\OPENGL32.dll
0x00007fff4f790000 - 0x00007fff4f7bc000 	C:\WINDOWS\SYSTEM32\GLU32.dll
0x000001f904090000 - 0x000001f9040f4000 	C:\Users\zacha\AppData\Local\Temp\libgdxzacha\1cecf4f6\OpenAL64.dll
0x00007fff571f0000 - 0x00007fff5731a000 	C:\WINDOWS\System32\ole32.dll
0x00007fff52d20000 - 0x00007fff52dbe000 	C:\WINDOWS\system32\uxtheme.dll
0x00007fff57030000 - 0x00007fff570d9000 	C:\WINDOWS\System32\clbcatq.dll
0x00007fff182d0000 - 0x00007fff1836c000 	C:\WINDOWS\SYSTEM32\dsound.dll
0x00007fff54d00000 - 0x00007fff54d4b000 	C:\WINDOWS\SYSTEM32\powrprof.dll
0x00007fff39500000 - 0x00007fff39526000 	C:\WINDOWS\SYSTEM32\winmmbase.dll
0x00007fff54cb0000 - 0x00007fff54cc2000 	C:\WINDOWS\SYSTEM32\UMPDC.dll
0x00007fff4d630000 - 0x00007fff4d6b5000 	C:\WINDOWS\System32\MMDevApi.dll
0x00007fff550b0000 - 0x00007fff550e3000 	C:\WINDOWS\System32\DEVOBJ.dll
0x00007fff557c0000 - 0x00007fff5580e000 	C:\WINDOWS\System32\cfgmgr32.dll
0x00007fff4d7c0000 - 0x00007fff4d942000 	C:\WINDOWS\SYSTEM32\AUDIOSES.DLL
0x00007fff55cb0000 - 0x00007fff55d7d000 	C:\WINDOWS\System32\OLEAUT32.dll
0x00007fff52e10000 - 0x00007fff52e24000 	C:\WINDOWS\SYSTEM32\resourcepolicyclient.dll
0x00007fff4feb0000 - 0x00007fff4ff5e000 	C:\WINDOWS\SYSTEM32\mscms.dll
0x00007fff4fdd0000 - 0x00007fff4fde1000 	C:\WINDOWS\SYSTEM32\ColorAdapterClient.dll
0x00007fff55210000 - 0x00007fff5523e000 	C:\WINDOWS\SYSTEM32\USERENV.dll
0x00007fff4b680000 - 0x00007fff4b6c3000 	C:\Windows\System32\Windows.Internal.Graphics.Display.DisplayColorManagement.dll
0x00007fff56e90000 - 0x00007fff56fa6000 	C:\WINDOWS\System32\MSCTF.dll
0x00007fff44c20000 - 0x00007fff44d19000 	C:\WINDOWS\SYSTEM32\textinputframework.dll
0x00007fff52900000 - 0x00007fff529f2000 	C:\WINDOWS\System32\CoreMessaging.dll
0x00007fff52220000 - 0x00007fff5257e000 	C:\WINDOWS\System32\CoreUIComponents.dll
0x00007fff51240000 - 0x00007fff51394000 	C:\WINDOWS\SYSTEM32\wintypes.dll
0x00007fff53ff0000 - 0x00007fff54023000 	C:\WINDOWS\SYSTEM32\ntmarta.dll
0x00007fff39ee0000 - 0x00007fff39f46000 	C:\WINDOWS\system32\Oleacc.dll
0x00007fff4d6c0000 - 0x00007fff4d7b9000 	C:\Windows\System32\AppXDeploymentClient.dll
0x00007fff0f860000 - 0x00007fff10825000 	C:\WINDOWS\System32\DriverStore\FileRepository\igdlh64.inf_amd64_2cec8fd58a80e6ea\ig9icd64.dll
0x00007fff52f10000 - 0x00007fff52f3f000 	C:\WINDOWS\system32\dwmapi.dll
0x00007fff53c00000 - 0x00007fff53cf3000 	C:\WINDOWS\system32\dxgi.dll
0x00007fff49300000 - 0x00007fff4953f000 	C:\WINDOWS\System32\DriverStore\FileRepository\igdlh64.inf_amd64_2cec8fd58a80e6ea\igdgmm64.dll
0x00007fff3dff0000 - 0x00007fff3e033000 	C:\WINDOWS\SYSTEM32\icm32.dll
0x00007fff160f0000 - 0x00007fff16505000 	C:\WINDOWS\System32\DriverStore\FileRepository\igdlh64.inf_amd64_2cec8fd58a80e6ea\igdml64.dll
0x00007fff46540000 - 0x00007fff491a2000 	C:\WINDOWS\System32\DriverStore\FileRepository\igdlh64.inf_amd64_2cec8fd58a80e6ea\igc64.dll

dbghelp: loaded successfully - version: 4.0.5 - missing functions: none
symbol engine: initialized successfully - sym options: 0x614 - pdb path: .;C:\Program Files\Java\jdk-11.0.12\bin;C:\WINDOWS\SYSTEM32;C:\WINDOWS\WinSxS\amd64_microsoft.windows.common-controls_6595b64144ccf1df_6.0.19041.1110_none_60b5254171f9507e;C:\Program Files\Java\jdk-11.0.12\bin\server;C:\Users\zacha\AppData\Local\Temp\libgdxzacha\e1cd32f8;C:\Users\zacha\AppData\Local\Temp\libgdxzacha\1cecf4f6;C:\WINDOWS\System32\DriverStore\FileRepository\igdlh64.inf_amd64_2cec8fd58a80e6ea

VM Arguments:
jvm_args: -Dfile.encoding=windows-1252 -Duser.country=US -Duser.language=en -Duser.variant 
java_command: com.badlogic.greedydwarf.desktop.DesktopLauncher
java_class_path (initial): C:\Users\zacha\OneDrive\Documents\GitHub\440-Group-11-Spring-2022\Code\GreedyDwarf\desktop\build\classes\java\main;C:\Users\zacha\OneDrive\Documents\GitHub\440-Group-11-Spring-2022\Code\GreedyDwarf\desktop\build\resources\main;C:\Users\zacha\.gradle\caches\modules-2\files-2.1\com.badlogicgames.gdx\gdx-backend-lwjgl\1.10.0\58ff89d9e4fd8a82591367f187d606e781cacc05\gdx-backend-lwjgl-1.10.0.jar;C:\Users\zacha\.gradle\caches\modules-2\files-2.1\com.badlogicgames.gdx\gdx-platform\1.10.0\9a8fa793d2fd6d360afc6c9e4c1f5583da263b88\gdx-platform-1.10.0-natives-desktop.jar;C:\Users\zacha\.gradle\caches\modules-2\files-2.1\com.badlogicgames.gdx\gdx-box2d-platform\1.10.0\588c4191c5a64ed39365e71484aa37d81c38eb5e\gdx-box2d-platform-1.10.0-natives-desktop.jar;C:\Users\zacha\.gradle\caches\modules-2\files-2.1\com.badlogicgames.gdx\gdx-freetype-platform\1.10.0\6e5d28752759e69384f12e4569d2c884ff71352f\gdx-freetype-platform-1.10.0-natives-desktop.jar;C:\Users\zacha\OneDrive\Documents\GitHub\440-Group-11-Spring-2022\Code\GreedyDwarf\core\build\libs\core-1.0.jar;C:\Users\zacha\.gradle\caches\modules-2\files-2.1\com.badlogicgames.box2dlights\box2dlights\1.5\6902dbcd250c95a27973aa24a147a95b3828d348\box2dlights-1.5.jar;C:\Users\zacha\.gradle\caches\modules-2\files-2.1\com.badlogicgames.gdx\gdx-box2d\1.10.0\b3a3c0f00b90716238835434d0ae8985604c37f8\gdx-box2d-1.10.0.jar;C:\Users\zacha\.gradle\caches\modules-2\files-2.1\com.badlogicgames.gdx\gdx-ai\1.8.2\ab75d2ce80ab1b1ce6828a15dc0f417abac4c674\gdx-ai-1.8.2.jar;C:\Users\zacha\.gradle\caches\modules-2\files-2.1\com.badlogicgames.gdx\gdx-freetype\1.10.0\de1d0d5c1e92e8d91364256fd6b7bb279d3e9859\gdx-freetype-1.10.0.jar;C:\Users\zacha\.gradle\caches\modules-2\files-2.1\com.github.xaguzman\pathfinding-gdx-bridge\0.2.6\27cf79598c08c8c6440937f5fab28200ebb1714e\pathfinding-gdx-bridge-0.2.6.jar;C:\Users\zacha\.gradle\caches\modules-2\files-2.1\com.badlogicgames.gdx\gdx\1.10.0\74c240f79dc4fb6b766a834249600d0a019d0489\gdx-1.10.0.
Launcher Type: SUN_STANDARD

[Global flags]
     intx CICompilerCount                          = 3                                         {product} {ergonomic}
     uint ConcGCThreads                            = 1                                         {product} {ergonomic}
     uint G1ConcRefinementThreads                  = 4                                         {product} {ergonomic}
   size_t G1HeapRegionSize                         = 1048576                                   {product} {ergonomic}
    uintx GCDrainStackTargetSize                   = 64                                        {product} {ergonomic}
   size_t InitialHeapSize                          = 268435456                                 {product} {ergonomic}
   size_t MarkStackSize                            = 4194304                                   {product} {ergonomic}
   size_t MaxHeapSize                              = 4267704320                                {product} {ergonomic}
   size_t MaxNewSize                               = 2560622592                                {product} {ergonomic}
   size_t MinHeapDeltaBytes                        = 1048576                                   {product} {ergonomic}
    uintx NonNMethodCodeHeapSize                   = 5830732                                {pd product} {ergonomic}
    uintx NonProfiledCodeHeapSize                  = 122913754                              {pd product} {ergonomic}
    uintx ProfiledCodeHeapSize                     = 122913754                              {pd product} {ergonomic}
    uintx ReservedCodeCacheSize                    = 251658240                              {pd product} {ergonomic}
     bool SegmentedCodeCache                       = true                                      {product} {ergonomic}
     bool UseCompressedClassPointers               = true                                 {lp64_product} {ergonomic}
     bool UseCompressedOops                        = true                                 {lp64_product} {ergonomic}
     bool UseG1GC                                  = true                                      {product} {ergonomic}
     bool UseLargePagesIndividualAllocation        = false                                  {pd product} {ergonomic}

Logging:
Log output configuration:
 #0: stdout all=warning uptime,level,tags
 #1: stderr all=off uptime,level,tags

Environment Variables:
JAVA_HOME=C:\Program Files\Java\jdk-11.0.12
PATH=C:\Program Files\Common Files\Oracle\Java\javapath;C:\Program Files (x86)\Razer\ChromaBroadcast\bin;C:\Program Files\Razer\ChromaBroadcast\bin;C:\Program Files (x86)\NVIDIA Corporation\PhysX\Common;C:\Program Files (x86)\Razer Chroma SDK\bin;C:\Program Files\Razer Chroma SDK\bin;C:\Program Files (x86)\Intel\iCLS Client\;C:\Program Files\Intel\iCLS Client\;C:\Windows\system32;C:\Windows;C:\Windows\System32\Wbem;C:\Windows\System32\WindowsPowerShell\v1.0\;C:\Program Files (x86)\Intel\Intel(R) Management Engine Components\DAL;C:\Program Files\Intel\Intel(R) Management Engine Components\DAL;C:\Program Files (x86)\Intel\Intel(R) Management Engine Components\IPT;C:\Program Files\Intel\Intel(R) Management Engine Components\IPT;C:\Users\Administrator\AppData\Local\Microsoft\WindowsApps;C:\WINDOWS\system32;C:\WINDOWS;C:\WINDOWS\System32\Wbem;C:\WINDOWS\System32\WindowsPowerShell\v1.0\;C:\WINDOWS\System32\OpenSSH\;C:\Users\zacha\AppData\Local\Microsoft\WindowsApps;C:\Program Files\PuTTY\;C:\WINDOWS\system32;C:\WINDOWS;C:\WINDOWS\System32\Wbem;C:\WINDOWS\System32\WindowsPowerShell\v1.0\;C:\WINDOWS\System32\OpenSSH\;C:\Program Files\Java\jdk-11.0.12\bin;C:\Users\zacha\Downloads\apache-maven-3.8.2-bin\apache-maven-3.8.2\bin;C:\Program Files\Git\cmd;C:\Users\zacha\AppData\Local\Microsoft\WindowsApps;C:\Program Files\Java\jdk-11.0.12\bin;C:\Users\zacha\Downloads\apache-maven-3.8.2-bin\apache-maven-3.8.2\bin;C:\Users\zacha\AppData\Local\GitHubDesktop\bin;C:\Users\zacha\AppData\Local\Programs\Microsoft VS Code\bin
USERNAME=zacha
OS=Windows_NT
PROCESSOR_IDENTIFIER=Intel64 Family 6 Model 142 Stepping 9, GenuineIntel



---------------  S Y S T E M  ---------------

OS: Windows 10 , 64 bit Build 19041 (10.0.19041.1566)

CPU:total 4 (initial active 4) (2 cores per cpu, 2 threads per core) family 6 model 142 stepping 9 microcode 0xb4, cmov, cx8, fxsr, mmx, sse, sse2, sse3, ssse3, sse4.1, sse4.2, popcnt, avx, avx2, aes, clmul, erms, 3dnowpref, lzcnt, ht, tsc, tscinvbit, bmi1, bmi2, adx, fma

Memory: 4k page, system-wide physical 16278M (8545M free)
TotalPageFile size 18710M (AvailPageFile size 10962M)
current process WorkingSet (physical memory assigned to process): 563M, peak: 564M
current process commit charge ("private bytes"): 727M, peak: 731M

vm_info: Java HotSpot(TM) 64-Bit Server VM (11.0.12+8-LTS-237) for windows-amd64 JRE (11.0.12+8-LTS-237), built on Jun  8 2021 11:25:59 by "mach5one" with MS VC++ 15.9 (VS2017)

END.
